[31mfailed to load config from C:\Users\Acer\Downloads\samanvaya\Final-Implementation\frontend\vite.config.js[39m
[31merror when starting dev server:
Error: Build failed with 2 errors:

[31m[UNLOADABLE_DEPENDENCY] [0mCould not load node_modules/@tailwindcss/oxide-win32-x64-msvc/tailwindcss-oxide.win32-x64-msvc.node
     [38;5;246m╭[0m[38;5;246m─[0m[38;5;246m[[0m node_modules/@tailwindcss/oxide/index.js:131:33 [38;5;246m][0m
     [38;5;246m│[0m
 [38;5;246m131 │[0m [38;5;249m [0m[38;5;249m [0m[38;5;249m [0m[38;5;249m [0m[38;5;249m [0m[38;5;249m [0m[38;5;249m [0m[38;5;249m [0m[38;5;249mc[0m[38;5;249mo[0m[38;5;249mn[0m[38;5;249ms[0m[38;5;249mt[0m[38;5;249m [0m[38;5;249mb[0m[38;5;249mi[0m[38;5;249mn[0m[38;5;249md[0m[38;5;249mi[0m[38;5;249mn[0m[38;5;249mg[0m[38;5;249m [0m[38;5;249m=[0m[38;5;249m [0m[38;5;249mr[0m[38;5;249me[0m[38;5;249mq[0m[38;5;249mu[0m[38;5;249mi[0m[38;5;249mr[0m[38;5;249me[0m[38;5;249m([0m'@tailwindcss/oxide-win32-x64-msvc'[38;5;249m)[0m
 [38;5;240m    │[0m                                 ─────────────────┬─────────────────  
 [38;5;240m    │[0m                                                  ╰─────────────────── stream did not contain valid UTF-8
[38;5;246m─────╯[0m

[plugin externalize-deps]
Error: spawn EPERM
    at ChildProcess.spawn (node:internal/child_process:420:11)
    at spawn (node:child_process:753:9)
    at Object.execFile (node:child_process:346:17)
    at exec (node:child_process:233:25)
    at optimizeSafeRealPathSync (file:///C:/Users/Acer/Downloads/samanvaya/Final-Implementation/frontend/node_modules/vite/dist/node/chunks/node.js:1950:2)
    at windowsSafeRealPathSync (file:///C:/Users/Acer/Downloads/samanvaya/Final-Implementation/frontend/node_modules/vite/dist/node/chunks/node.js:1936:3)
    at getRealPath (file:///C:/Users/Acer/Downloads/samanvaya/Final-Implementation/frontend/node_modules/vite/dist/node/chunks/node.js:32684:36)
    at tryResolveRealFileOrType (file:///C:/Users/Acer/Downloads/samanvaya/Final-Implementation/frontend/node_modules/vite/dist/node/chunks/node.js:32678:9)
    at tryCleanFsResolve (file:///C:/Users/Acer/Downloads/samanvaya/Final-Implementation/frontend/node_modules/vite/dist/node/chunks/node.js:32427:21)
    at tryFsResolve (file:///C:/Users/Acer/Downloads/samanvaya/Final-Implementation/frontend/node_modules/vite/dist/node/chunks/node.js:32420:14)
    at aggregateBindingErrorsIntoJsError (file:///C:/Users/Acer/Downloads/samanvaya/Final-Implementation/frontend/node_modules/rolldown/dist/shared/error-BuvQYXuZ.mjs:48:18)
    at unwrapBindingResult (file:///C:/Users/Acer/Downloads/samanvaya/Final-Implementation/frontend/node_modules/rolldown/dist/shared/error-BuvQYXuZ.mjs:18:128)
    at #build (file:///C:/Users/Acer/Downloads/samanvaya/Final-Implementation/frontend/node_modules/rolldown/dist/shared/rolldown-build-CrPk_lZe.mjs:3246:34)
    at async bundleConfigFile (file:///C:/Users/Acer/Downloads/samanvaya/Final-Implementation/frontend/node_modules/vite/dist/node/chunks/node.js:34962:17)
    at async bundleAndLoadConfigFile (file:///C:/Users/Acer/Downloads/samanvaya/Final-Implementation/frontend/node_modules/vite/dist/node/chunks/node.js:34870:18)
    at async loadConfigFromFile (file:///C:/Users/Acer/Downloads/samanvaya/Final-Implementation/frontend/node_modules/vite/dist/node/chunks/node.js:34839:42)
    at async resolveConfig (file:///C:/Users/Acer/Downloads/samanvaya/Final-Implementation/frontend/node_modules/vite/dist/node/chunks/node.js:34465:22)
    at async _createServer (file:///C:/Users/Acer/Downloads/samanvaya/Final-Implementation/frontend/node_modules/vite/dist/node/chunks/node.js:26197:65)
    at async CAC.<anonymous> (file:///C:/Users/Acer/Downloads/samanvaya/Final-Implementation/frontend/node_modules/vite/dist/node/cli.js:708:18) {
  errors: [Getter/Setter]
}[39m
